2024-06-12 16:24:54 [31merror[39m: Error while verifying jwt:  invalid token
2024-06-12 16:24:54 [31merror[39m: Error while verifying jwt:  invalid token
2024-06-13 21:35:35 [31merror[39m: Error while verifying jwt:  invalid token
2024-06-13 21:35:35 [31merror[39m: Error while verifying jwt:  invalid token
2024-06-13 21:36:49 [31merror[39m: Error while verifying jwt:  invalid token
2024-06-13 21:36:49 [31merror[39m: Error while verifying jwt:  invalid token
2024-06-15 00:29:33 [31merror[39m: Error while verifying jwt:  invalid token
2024-06-15 00:29:33 [31merror[39m: Error while verifying jwt:  invalid token
2024-06-15 00:35:48 [31merror[39m: Error while verifying jwt:  invalid token
2024-06-15 00:35:48 [31merror[39m: Error while verifying jwt:  invalid token
2024-06-15 00:36:28 [31merror[39m: Error while verifying jwt:  invalid token
2024-06-15 00:36:28 [31merror[39m: Error while verifying jwt:  invalid token
2024-06-15 00:37:53 [31merror[39m: Error while verifying jwt:  invalid token
2024-06-15 00:37:53 [31merror[39m: Error while verifying jwt:  invalid token
2024-06-15 00:38:04 [31merror[39m: Error while verifying jwt:  invalid token
2024-06-15 00:38:04 [31merror[39m: Error while verifying jwt:  invalid token
2024-06-15 00:49:46 [31merror[39m: Error saving message to database: Message validation failed: recipient: Path `recipient` is required.
2024-06-15 00:49:50 [31merror[39m: Error saving message to database: Message validation failed: recipient: Path `recipient` is required.
2024-06-15 01:44:11 [31merror[39m: Error while verifying jwt:  jwt expired
2024-06-15 01:44:11 [31merror[39m: Error while verifying jwt:  jwt expired
2024-06-15 13:56:35 [31merror[39m: Error while verifying jwt:  jwt expired
2024-06-15 13:56:35 [31merror[39m: Error while verifying jwt:  jwt expired
2024-06-16 01:25:19 [31merror[39m: Error saving message to database: write EPIPE
2024-06-16 04:31:03 [31merror[39m: Error saving message to database: Message validation failed: recipient: Path `recipient` is required.
2024-06-16 04:31:14 [31merror[39m: Error saving message to database: Message validation failed: recipient: Path `recipient` is required.
2024-06-16 04:31:45 [31merror[39m: Error saving message to database: Message validation failed: recipient: Path `recipient` is required.
2024-06-16 07:38:24 [31merror[39m: Error while registering:  Expected a string but received a undefined
2024-06-16 07:38:55 [31merror[39m: Error while registering:  Expected a string but received a undefined
2024-06-21 00:21:02 [31merror[39m: Error saving message to database: Message validation failed: message: [object Object] is not a valid message format!
2024-06-21 00:21:43 [31merror[39m: Error saving message to database: Message validation failed: message: [object Object] is not a valid message format!
2024-06-21 00:29:17 [31merror[39m: Error saving message to database: Message validation failed: message: [object Object] is not a valid message format!
2024-06-21 00:52:17 [31merror[39m: Error handling file upload: fs is not defined
2024-06-21 00:53:16 [31merror[39m: Error saving file: ENOENT: no such file or directory, open 'uploads/1718911396781-pot.py'
2024-06-21 00:55:00 [31merror[39m: Error saving file: ENOENT: no such file or directory, open 'uploads/1718911450619-l.py'
2024-07-22 00:43:45 [31merror[39m: MongoDB connection error: Could not connect to any servers in your MongoDB Atlas cluster. One common reason is that you're trying to access the database from an IP that isn't whitelisted. Make sure your current IP address is on your Atlas cluster's IP whitelist: https://www.mongodb.com/docs/atlas/security-whitelist/
2024-09-24 01:39:52 [31merror[39m: MongoDB connection error: querySrv ENOTFOUND _mongodb._tcp.cluster0.ksa9qum.mongodb.net
2024-09-24 16:41:21 [31merror[39m: Error while verifying jwt:  Operation `users.findOne()` buffering timed out after 10000ms
2024-09-24 16:41:24 [31merror[39m: MongoDB connection error: Could not connect to any servers in your MongoDB Atlas cluster. One common reason is that you're trying to access the database from an IP that isn't whitelisted. Make sure your current IP address is on your Atlas cluster's IP whitelist: https://www.mongodb.com/docs/atlas/security-whitelist/
